--- Mark Duplicate      19-10-05 08:13:02
INFO	2019-10-05 08:13:03	MarkDuplicates	

********** NOTE: Picard's command line syntax is changing.
**********
********** For more information, please see:
********** https://github.com/broadinstitute/picard/wiki/Command-Line-Syntax-Transition-For-Users-(Pre-Transition)
**********
********** The command line looks like this in the new syntax:
**********
**********    MarkDuplicates -I PWH55.sorted.bam -O PWH55.dedup.bam -M PWH55.dedup.metrics -CREATE_INDEX true -VALIDATION_STRINGENCY SILENT -TMP_DIR /mnt/hwstor9k_data1/ccgmtest/work/PWHA55pedigree/02.BAM/PWH55/tmp -ASSUME_SORTED true -REMOVE_DUPLICATES false
**********


08:13:03.376 INFO  NativeLibraryLoader - Loading libgkl_compression.so from jar:file:/mnt/hwstor9k_data1/ccgmtest/work/software/picard-2.20.8/picard.jar!/com/intel/gkl/native/libgkl_compression.so
[Sat Oct 05 08:13:03 HKT 2019] MarkDuplicates INPUT=[PWH55.sorted.bam] OUTPUT=PWH55.dedup.bam METRICS_FILE=PWH55.dedup.metrics REMOVE_DUPLICATES=false ASSUME_SORTED=true TMP_DIR=[/mnt/hwstor9k_data1/ccgmtest/work/PWHA55pedigree/02.BAM/PWH55/tmp] VALIDATION_STRINGENCY=SILENT CREATE_INDEX=true    MAX_SEQUENCES_FOR_DISK_READ_ENDS_MAP=50000 MAX_FILE_HANDLES_FOR_READ_ENDS_MAP=8000 SORTING_COLLECTION_SIZE_RATIO=0.25 TAG_DUPLICATE_SET_MEMBERS=false REMOVE_SEQUENCING_DUPLICATES=false TAGGING_POLICY=DontTag CLEAR_DT=true DUPLEX_UMI=false ADD_PG_TAG_TO_READS=true DUPLICATE_SCORING_STRATEGY=SUM_OF_BASE_QUALITIES PROGRAM_RECORD_ID=MarkDuplicates PROGRAM_GROUP_NAME=MarkDuplicates READ_NAME_REGEX=<optimized capture of last three ':' separated fields as numeric values> OPTICAL_DUPLICATE_PIXEL_DISTANCE=100 MAX_OPTICAL_DUPLICATE_SET_SIZE=300000 VERBOSITY=INFO QUIET=false COMPRESSION_LEVEL=5 MAX_RECORDS_IN_RAM=500000 CREATE_MD5_FILE=false GA4GH_CLIENT_SECRETS=client_secrets.json USE_JDK_DEFLATER=false USE_JDK_INFLATER=false
[Sat Oct 05 08:13:03 HKT 2019] Executing as ccgmtest@node-0-7.local on Linux 3.10.0-693.5.2.el7.x86_64 amd64; Java HotSpot(TM) 64-Bit Server VM 1.8.0_45-b14; Deflater: Intel; Inflater: Intel; Provider GCS is not available; Picard version: 2.20.8-SNAPSHOT
[Sat Oct 05 08:13:03 HKT 2019] picard.sam.markduplicates.MarkDuplicates done. Elapsed time: 0.00 minutes.
Runtime.totalMemory()=2058354688
To get help, see http://broadinstitute.github.io/picard/index.html#GettingHelp
Exception in thread "main" htsjdk.samtools.SAMException: Cannot read non-existent file: file:///mnt/hwstor9k_data1/ccgmtest/work/PWHA55pedigree/02.BAM/PWH55/PWH55.sorted.bam
	at htsjdk.samtools.util.IOUtil.assertFileIsReadable(IOUtil.java:483)
	at htsjdk.samtools.util.IOUtil.assertFileIsReadable(IOUtil.java:470)
	at htsjdk.samtools.util.IOUtil.assertInputIsValid(IOUtil.java:446)
	at htsjdk.samtools.util.IOUtil.assertInputsAreValid(IOUtil.java:522)
	at picard.sam.markduplicates.MarkDuplicates.doWork(MarkDuplicates.java:249)
	at picard.cmdline.CommandLineProgram.instanceMain(CommandLineProgram.java:305)
	at picard.cmdline.PicardCommandLine.instanceMain(PicardCommandLine.java:103)
	at picard.cmdline.PicardCommandLine.main(PicardCommandLine.java:113)
